<?xml version="1.0" encoding="UTF-8"?>
<testng-results ignored="0" total="1" passed="1" failed="0" skipped="0">
  <reporter-output>
  </reporter-output>
  <suite started-at="2018-07-06T08:37:49Z" name="Default Suite" finished-at="2018-07-06T08:37:59Z" duration-ms="9850">
    <groups>
    </groups>
    <test started-at="2018-07-06T08:37:49Z" name="GForce" finished-at="2018-07-06T08:37:59Z" duration-ms="9850">
      <class name="testScripts.data_TestScritps.TC003VerifyColumnHeaderAreDisplayedCorrectly">
        <test-method is-config="true" signature="setUpMethod()[pri:0, instance:testScripts.data_TestScritps.TC003VerifyColumnHeaderAreDisplayedCorrectly@683dbc2c]" started-at="2018-07-06T08:37:49Z" name="setUpMethod" finished-at="2018-07-06T08:37:57Z" duration-ms="8580" status="PASS">
          <reporter-output>
          </reporter-output>
        </test-method> <!-- setUpMethod -->
        <test-method signature="verifyColumnHeaderAreDisplayedCorrectly()[pri:0, instance:testScripts.data_TestScritps.TC003VerifyColumnHeaderAreDisplayedCorrectly@683dbc2c]" started-at="2018-07-06T08:37:57Z" name="verifyColumnHeaderAreDisplayedCorrectly" finished-at="2018-07-06T08:37:57Z" duration-ms="155" status="PASS">
          <reporter-output>
          </reporter-output>
        </test-method> <!-- verifyColumnHeaderAreDisplayedCorrectly -->
        <test-method is-config="true" signature="tearDownMethod()[pri:0, instance:testScripts.data_TestScritps.TC003VerifyColumnHeaderAreDisplayedCorrectly@683dbc2c]" started-at="2018-07-06T08:37:57Z" name="tearDownMethod" finished-at="2018-07-06T08:37:59Z" duration-ms="1095" status="PASS">
          <reporter-output>
          </reporter-output>
        </test-method> <!-- tearDownMethod -->
      </class> <!-- testScripts.data_TestScritps.TC003VerifyColumnHeaderAreDisplayedCorrectly -->
    </test> <!-- GForce -->
  </suite> <!-- Default Suite -->
</testng-results>
