<?xml version="1.0" encoding="UTF-8"?>
<!-- Generated by org.testng.reporters.JUnitXMLReporter -->
<testsuite ignored="0" hostname="SGH232Q0XC" failures="2" tests="6" name="GForces" time="49.859" errors="0" timestamp="06 Jul 2018 09:33:21 GMT">
  <testcase classname="testScripts.data_TestScritps.TC001SelectTopBarHyperlinkToReload" name="verifyMainPageDisplayCorrectly" time="0.986"/>
  <testcase classname="testScripts.data_TestScritps.TC003VerifyColumnHeaderAreDisplayedCorrectly" name="verifyColumnHeaderAreDisplayedCorrectly" time="0.18"/>
  <testcase classname="testScripts.data_TestScritps.TC016SelectCancelInEditComputerPage" name="selectCancelInEditComputerPageAndNavigateToMainPage" time="1.095"/>
  <testcase classname="testScripts.data_TestScritps.TC019EditComputerNameWithValidName" name="verifyEditComputerNameWithValidNameCorrectly" time="1.578"/>
  <testcase classname="testScripts.data_TestScritps.TC021EditIntroducedDateWithValidDate" name="verifyIntroducedDateWithValidDateCorrectly" time="1.486">
    <failure type="java.lang.AssertionError" message="expected [2018-01-01] but found [01 Jan 2018]">
      <![CDATA[java.lang.AssertionError: expected [2018-01-01] but found [01 Jan 2018]
at testScripts.data_TestScritps.TC021EditIntroducedDateWithValidDate.checkingIntroducedDateAfterEditIsDisplayedCorrectly(TC021EditIntroducedDateWithValidDate.java:38)
at testScripts.data_TestScritps.TC021EditIntroducedDateWithValidDate.verifyIntroducedDateWithValidDateCorrectly(TC021EditIntroducedDateWithValidDate.java:18)
... Removed 30 stack frames]]>
    </failure>
  </testcase> <!-- verifyIntroducedDateWithValidDateCorrectly -->
  <testcase classname="testScripts.data_TestScritps.TC023EditDiscontinuedDateWithValidDate" name="verifyDiscontinuedDateWithValidDateCorrectly" time="1.592">
    <failure type="java.lang.AssertionError" message="expected [2018-01-01] but found [01 Jan 2018]">
      <![CDATA[java.lang.AssertionError: expected [2018-01-01] but found [01 Jan 2018]
at testScripts.data_TestScritps.TC023EditDiscontinuedDateWithValidDate.checkingDiscontinuedDateAfterEditIsDisplayedCorrectly(TC023EditDiscontinuedDateWithValidDate.java:39)
at testScripts.data_TestScritps.TC023EditDiscontinuedDateWithValidDate.verifyDiscontinuedDateWithValidDateCorrectly(TC023EditDiscontinuedDateWithValidDate.java:18)
... Removed 30 stack frames]]>
    </failure>
  </testcase> <!-- verifyDiscontinuedDateWithValidDateCorrectly -->
</testsuite> <!-- GForces -->
